FOJ1.l2a,FOJ1.l2b,FOJ1.r2a,FOJ1.r2b,LOJ1.l1a,LOJ1.l1b,LOJ1.r1a,LOJ1.r1b
"-1",-1,"15",15,0,0,-1,-1,
"-1",-1,"15",15,32,16,-1,-1,
"-1",-1,"15",15,36,18,-1,-1,
"-1",-1,"15",15,4,2,-1,-1,
"-1",-1,"15",15,8,4,-1,-1,
"-1",-1,"16",16,0,0,-1,-1,
"-1",-1,"16",16,32,16,-1,-1,
"-1",-1,"16",16,36,18,-1,-1,
"-1",-1,"16",16,4,2,-1,-1,
"-1",-1,"16",16,8,4,-1,-1,
"-1",-1,"17",17,0,0,-1,-1,
"-1",-1,"17",17,32,16,-1,-1,
"-1",-1,"17",17,36,18,-1,-1,
"-1",-1,"17",17,4,2,-1,-1,
"-1",-1,"17",17,8,4,-1,-1,
"-1",-1,"18",18,0,0,-1,-1,
"-1",-1,"18",18,32,16,-1,-1,
"-1",-1,"18",18,36,18,-1,-1,
"-1",-1,"18",18,4,2,-1,-1,
"-1",-1,"18",18,8,4,-1,-1,
"-1",-1,"19",19,0,0,-1,-1,
"-1",-1,"19",19,32,16,-1,-1,
"-1",-1,"19",19,36,18,-1,-1,
"-1",-1,"19",19,4,2,-1,-1,
"-1",-1,"19",19,8,4,-1,-1,
"10",10,"10",10,20,10,20,10,
"12",12,"12",12,24,12,24,12,
"14",14,"14",14,28,14,28,14,
"6",6,"6",6,12,6,12,6,
"8",8,"8",8,16,8,16,8,
