FOJ2.l2a,FOJ2.l2b,FOJ2.r2a,FOJ2.r2b,LOJ2.l1a,LOJ2.l1b,LOJ2.r1a,LOJ2.r1b
"-1",-1,"10",10,0,0,-1,-1,
"-1",-1,"10",10,32,16,-1,-1,
"-1",-1,"10",10,36,18,-1,-1,
"-1",-1,"10",10,4,2,-1,-1,
"-1",-1,"10",10,8,4,-1,-1,
"-1",-1,"11",11,0,0,-1,-1,
"-1",-1,"11",11,32,16,-1,-1,
"-1",-1,"11",11,36,18,-1,-1,
"-1",-1,"11",11,4,2,-1,-1,
"-1",-1,"11",11,8,4,-1,-1,
"-1",-1,"12",12,0,0,-1,-1,
"-1",-1,"12",12,32,16,-1,-1,
"-1",-1,"12",12,36,18,-1,-1,
"-1",-1,"12",12,4,2,-1,-1,
"-1",-1,"12",12,8,4,-1,-1,
"-1",-1,"13",13,0,0,-1,-1,
"-1",-1,"13",13,32,16,-1,-1,
"-1",-1,"13",13,36,18,-1,-1,
"-1",-1,"13",13,4,2,-1,-1,
"-1",-1,"13",13,8,4,-1,-1,
"-1",-1,"14",14,0,0,-1,-1,
"-1",-1,"14",14,32,16,-1,-1,
"-1",-1,"14",14,36,18,-1,-1,
"-1",-1,"14",14,4,2,-1,-1,
"-1",-1,"14",14,8,4,-1,-1,
"-1",-1,"15",15,0,0,-1,-1,
"-1",-1,"15",15,32,16,-1,-1,
"-1",-1,"15",15,36,18,-1,-1,
"-1",-1,"15",15,4,2,-1,-1,
"-1",-1,"15",15,8,4,-1,-1,
"-1",-1,"16",16,0,0,-1,-1,
"-1",-1,"16",16,32,16,-1,-1,
"-1",-1,"16",16,36,18,-1,-1,
"-1",-1,"16",16,4,2,-1,-1,
"-1",-1,"16",16,8,4,-1,-1,
"-1",-1,"17",17,0,0,-1,-1,
"-1",-1,"17",17,32,16,-1,-1,
"-1",-1,"17",17,36,18,-1,-1,
"-1",-1,"17",17,4,2,-1,-1,
"-1",-1,"17",17,8,4,-1,-1,
"-1",-1,"18",18,0,0,-1,-1,
"-1",-1,"18",18,32,16,-1,-1,
"-1",-1,"18",18,36,18,-1,-1,
"-1",-1,"18",18,4,2,-1,-1,
"-1",-1,"18",18,8,4,-1,-1,
"-1",-1,"19",19,0,0,-1,-1,
"-1",-1,"19",19,32,16,-1,-1,
"-1",-1,"19",19,36,18,-1,-1,
"-1",-1,"19",19,4,2,-1,-1,
"-1",-1,"19",19,8,4,-1,-1,
"-1",-1,"5",5,0,0,-1,-1,
"-1",-1,"5",5,32,16,-1,-1,
"-1",-1,"5",5,36,18,-1,-1,
"-1",-1,"5",5,4,2,-1,-1,
"-1",-1,"5",5,8,4,-1,-1,
"-1",-1,"6",6,0,0,-1,-1,
"-1",-1,"6",6,32,16,-1,-1,
"-1",-1,"6",6,36,18,-1,-1,
"-1",-1,"6",6,4,2,-1,-1,
"-1",-1,"6",6,8,4,-1,-1,
"-1",-1,"7",7,0,0,-1,-1,
"-1",-1,"7",7,32,16,-1,-1,
"-1",-1,"7",7,36,18,-1,-1,
"-1",-1,"7",7,4,2,-1,-1,
"-1",-1,"7",7,8,4,-1,-1,
"-1",-1,"8",8,0,0,-1,-1,
"-1",-1,"8",8,32,16,-1,-1,
"-1",-1,"8",8,36,18,-1,-1,
"-1",-1,"8",8,4,2,-1,-1,
"-1",-1,"8",8,8,4,-1,-1,
"-1",-1,"9",9,0,0,-1,-1,
"-1",-1,"9",9,32,16,-1,-1,
"-1",-1,"9",9,36,18,-1,-1,
"-1",-1,"9",9,4,2,-1,-1,
"-1",-1,"9",9,8,4,-1,-1,
"10",12,"-1",-1,24,12,24,12,
"12",14,"-1",-1,28,14,28,14,
"4",6,"-1",-1,12,6,12,6,
"6",8,"-1",-1,16,8,16,8,
"8",10,"-1",-1,20,10,20,10,
