A.x,A.y,A.z,B.x,B.y
"50",50,100,"50",50,
"51",51,102,"51",51,
"52",52,104,"52",52,
"53",53,106,"53",53,
"54",54,108,"54",54,
"55",55,110,"55",55,
"56",56,112,"56",56,
"57",57,114,"57",57,
"58",58,116,"58",58,
"59",59,118,"59",59,
"60",60,120,"60",60,
"61",61,122,"61",61,
"62",62,124,"62",62,
"63",63,126,"63",63,
"64",64,128,"64",64,
"65",65,130,"65",65,
"66",66,132,"66",66,
"67",67,134,"67",67,
"68",68,136,"68",68,
"69",69,138,"69",69,
"70",70,140,"70",70,
"71",71,142,"71",71,
"72",72,144,"72",72,
"73",73,146,"73",73,
"74",74,148,"74",74,
"75",75,150,"75",75,
"76",76,152,"76",76,
"77",77,154,"77",77,
"78",78,156,"78",78,
"79",79,158,"79",79,
"80",80,160,"80",80,
"81",81,162,"81",81,
"82",82,164,"82",82,
"83",83,166,"83",83,
"84",84,168,"84",84,
"85",85,170,"85",85,
"86",86,172,"86",86,
"87",87,174,"87",87,
"88",88,176,"88",88,
"89",89,178,"89",89,
"90",90,180,"90",90,
"91",91,182,"91",91,
"92",92,184,"92",92,
"93",93,186,"93",93,
"94",94,188,"94",94,
"95",95,190,"95",95,
"96",96,192,"96",96,
"97",97,194,"97",97,
"98",98,196,"98",98,
"99",99,198,"99",99,
