A.x,A.y,A.z,B.x,B.y
"50",50,150,"50",50,
"50",50,50,"50",50,
"51",51,151,"51",51,
"51",51,51,"51",51,
"52",52,152,"52",52,
"52",52,52,"52",52,
"53",53,153,"53",53,
"53",53,53,"53",53,
"54",54,154,"54",54,
"54",54,54,"54",54,
"55",55,155,"55",55,
"55",55,55,"55",55,
"56",56,156,"56",56,
"56",56,56,"56",56,
"57",57,157,"57",57,
"57",57,57,"57",57,
"58",58,158,"58",58,
"58",58,58,"58",58,
"59",59,159,"59",59,
"59",59,59,"59",59,
"60",60,160,"60",60,
"60",60,60,"60",60,
"61",61,161,"61",61,
"61",61,61,"61",61,
"62",62,162,"62",62,
"62",62,62,"62",62,
"63",63,163,"63",63,
"63",63,63,"63",63,
"64",64,164,"64",64,
"64",64,64,"64",64,
"65",65,165,"65",65,
"65",65,65,"65",65,
"66",66,166,"66",66,
"66",66,66,"66",66,
"67",67,167,"67",67,
"67",67,67,"67",67,
"68",68,168,"68",68,
"68",68,68,"68",68,
"69",69,169,"69",69,
"69",69,69,"69",69,
"70",70,170,"70",70,
"70",70,70,"70",70,
"71",71,171,"71",71,
"71",71,71,"71",71,
"72",72,172,"72",72,
"72",72,72,"72",72,
"73",73,173,"73",73,
"73",73,73,"73",73,
"74",74,174,"74",74,
"74",74,74,"74",74,
"75",75,175,"75",75,
"75",75,75,"75",75,
"76",76,176,"76",76,
"76",76,76,"76",76,
"77",77,177,"77",77,
"77",77,77,"77",77,
"78",78,178,"78",78,
"78",78,78,"78",78,
"79",79,179,"79",79,
"79",79,79,"79",79,
"80",80,180,"80",80,
"80",80,80,"80",80,
"81",81,181,"81",81,
"81",81,81,"81",81,
"82",82,182,"82",82,
"82",82,82,"82",82,
"83",83,183,"83",83,
"83",83,83,"83",83,
"84",84,184,"84",84,
"84",84,84,"84",84,
"85",85,185,"85",85,
"85",85,85,"85",85,
"86",86,186,"86",86,
"86",86,86,"86",86,
"87",87,187,"87",87,
"87",87,87,"87",87,
"88",88,188,"88",88,
"88",88,88,"88",88,
"89",89,189,"89",89,
"89",89,89,"89",89,
"90",90,190,"90",90,
"90",90,90,"90",90,
"91",91,191,"91",91,
"91",91,91,"91",91,
"92",92,192,"92",92,
"92",92,92,"92",92,
"93",93,193,"93",93,
"93",93,93,"93",93,
"94",94,194,"94",94,
"94",94,94,"94",94,
"95",95,195,"95",95,
"95",95,95,"95",95,
"96",96,196,"96",96,
"96",96,96,"96",96,
"97",97,197,"97",97,
"97",97,97,"97",97,
"98",98,198,"98",98,
"98",98,98,"98",98,
"99",99,199,"99",99,
"99",99,99,"99",99,
