A.x,A.y,A.z,A.w,B.x,B.y,B.z
"50",50,50,"0","50",50,0,
"51",51,51,"1","51",51,1,
"52",52,52,"0","52",52,0,
"53",53,53,"1","53",53,1,
"54",54,54,"0","54",54,0,
"55",55,55,"1","55",55,1,
"56",56,56,"0","56",56,0,
"57",57,57,"1","57",57,1,
"58",58,58,"0","58",58,0,
"59",59,59,"1","59",59,1,
"60",60,60,"0","60",60,0,
"61",61,61,"1","61",61,1,
"62",62,62,"0","62",62,0,
"63",63,63,"1","63",63,1,
"64",64,64,"0","64",64,0,
"65",65,65,"1","65",65,1,
"66",66,66,"0","66",66,0,
"67",67,67,"1","67",67,1,
"68",68,68,"0","68",68,0,
"69",69,69,"1","69",69,1,
"70",70,70,"0","70",70,0,
"71",71,71,"1","71",71,1,
"72",72,72,"0","72",72,0,
"73",73,73,"1","73",73,1,
"74",74,74,"0","74",74,0,
"75",75,75,"1","75",75,1,
"76",76,76,"0","76",76,0,
"77",77,77,"1","77",77,1,
"78",78,78,"0","78",78,0,
"79",79,79,"1","79",79,1,
"80",80,80,"0","80",80,0,
"81",81,81,"1","81",81,1,
"82",82,82,"0","82",82,0,
"83",83,83,"1","83",83,1,
"84",84,84,"0","84",84,0,
"85",85,85,"1","85",85,1,
"86",86,86,"0","86",86,0,
"87",87,87,"1","87",87,1,
"88",88,88,"0","88",88,0,
"89",89,89,"1","89",89,1,
"90",90,90,"0","90",90,0,
"91",91,91,"1","91",91,1,
"92",92,92,"0","92",92,0,
"93",93,93,"1","93",93,1,
"94",94,94,"0","94",94,0,
"95",95,95,"1","95",95,1,
"96",96,96,"0","96",96,0,
"97",97,97,"1","97",97,1,
"98",98,98,"0","98",98,0,
"99",99,99,"1","99",99,1,
