A.x,A.y,B.x,B.y,C.x,C.y,D.x,D.y
1,2,2,1,1,1,1,1,
1,2,2,1,1,1,76,1,
101,102,102,51,51,1,51,51,
103,104,104,52,52,2,52,52,
105,106,106,53,53,3,53,53,
107,108,108,54,54,4,54,54,
109,110,110,55,55,5,55,55,
11,12,12,6,6,6,6,6,
11,12,12,6,6,6,81,6,
111,112,112,56,56,6,56,56,
113,114,114,57,57,7,57,57,
115,116,116,58,58,8,58,58,
117,118,118,59,59,9,59,59,
119,120,120,60,60,10,60,60,
121,122,122,61,61,11,61,61,
123,124,124,62,62,12,62,62,
125,126,126,63,63,13,63,63,
127,128,128,64,64,14,64,64,
129,130,130,65,65,15,65,65,
13,14,14,7,7,7,7,7,
13,14,14,7,7,7,82,7,
131,132,132,66,66,16,66,66,
133,134,134,67,67,17,67,67,
135,136,136,68,68,18,68,68,
137,138,138,69,69,19,69,69,
139,140,140,70,70,20,70,70,
141,142,142,71,71,21,71,71,
143,144,144,72,72,22,72,72,
145,146,146,73,73,23,73,73,
147,148,148,74,74,24,74,74,
15,16,16,8,8,8,8,8,
15,16,16,8,8,8,83,8,
17,18,18,9,9,9,84,9,
17,18,18,9,9,9,9,9,
19,20,20,10,10,10,10,10,
19,20,20,10,10,10,85,10,
21,22,22,11,11,11,11,11,
21,22,22,11,11,11,86,11,
23,24,24,12,12,12,12,12,
23,24,24,12,12,12,87,12,
25,26,26,13,13,13,13,13,
25,26,26,13,13,13,88,13,
27,28,28,14,14,14,14,14,
27,28,28,14,14,14,89,14,
29,30,30,15,15,15,15,15,
29,30,30,15,15,15,90,15,
3,4,4,2,2,2,2,2,
3,4,4,2,2,2,77,2,
31,32,32,16,16,16,16,16,
31,32,32,16,16,16,91,16,
33,34,34,17,17,17,17,17,
33,34,34,17,17,17,92,17,
35,36,36,18,18,18,18,18,
35,36,36,18,18,18,93,18,
37,38,38,19,19,19,19,19,
37,38,38,19,19,19,94,19,
39,40,40,20,20,20,20,20,
39,40,40,20,20,20,95,20,
41,42,42,21,21,21,21,21,
41,42,42,21,21,21,96,21,
43,44,44,22,22,22,22,22,
43,44,44,22,22,22,97,22,
45,46,46,23,23,23,23,23,
45,46,46,23,23,23,98,23,
47,48,48,24,24,24,24,24,
47,48,48,24,24,24,99,24,
49,50,50,25,25,0,25,25,
5,6,6,3,3,3,3,3,
5,6,6,3,3,3,78,3,
51,52,52,26,26,1,26,26,
53,54,54,27,27,2,27,27,
55,56,56,28,28,3,28,28,
57,58,58,29,29,4,29,29,
59,60,60,30,30,5,30,30,
61,62,62,31,31,6,31,31,
63,64,64,32,32,7,32,32,
65,66,66,33,33,8,33,33,
67,68,68,34,34,9,34,34,
69,70,70,35,35,10,35,35,
7,8,8,4,4,4,4,4,
7,8,8,4,4,4,79,4,
71,72,72,36,36,11,36,36,
73,74,74,37,37,12,37,37,
75,76,76,38,38,13,38,38,
77,78,78,39,39,14,39,39,
79,80,80,40,40,15,40,40,
81,82,82,41,41,16,41,41,
83,84,84,42,42,17,42,42,
85,86,86,43,43,18,43,43,
87,88,88,44,44,19,44,44,
89,90,90,45,45,20,45,45,
9,10,10,5,5,5,5,5,
9,10,10,5,5,5,80,5,
91,92,92,46,46,21,46,46,
93,94,94,47,47,22,47,47,
95,96,96,48,48,23,48,48,
97,98,98,49,49,24,49,49,
99,100,100,50,50,0,50,50,
