A.x,A.y,B.x,B.y,C.x,C.y,D.x,D.y
1,2,2,1,1,1,1,1,
1,2,2,1,1,1,151,1,
1,2,2,1,1,1,226,1,
1,2,2,1,1,1,301,1,
1,2,2,1,1,1,376,1,
1,2,2,1,1,1,451,1,
1,2,2,1,1,1,526,1,
1,2,2,1,1,1,601,1,
1,2,2,1,1,1,676,1,
1,2,2,1,1,1,751,1,
1,2,2,1,1,1,76,1,
1,2,2,1,1,1,826,1,
1,2,2,1,1,1,901,1,
1,2,2,1,1,1,976,1,
1,2,2,1,26,1,101,26,
1,2,2,1,26,1,176,26,
1,2,2,1,26,1,251,26,
1,2,2,1,26,1,26,26,
1,2,2,1,26,1,326,26,
1,2,2,1,26,1,401,26,
1,2,2,1,26,1,476,26,
1,2,2,1,26,1,551,26,
1,2,2,1,26,1,626,26,
1,2,2,1,26,1,701,26,
1,2,2,1,26,1,776,26,
1,2,2,1,26,1,851,26,
1,2,2,1,26,1,926,26,
1,2,2,1,51,1,126,51,
1,2,2,1,51,1,201,51,
1,2,2,1,51,1,276,51,
1,2,2,1,51,1,351,51,
1,2,2,1,51,1,426,51,
1,2,2,1,51,1,501,51,
1,2,2,1,51,1,51,51,
1,2,2,1,51,1,576,51,
1,2,2,1,51,1,651,51,
1,2,2,1,51,1,726,51,
1,2,2,1,51,1,801,51,
1,2,2,1,51,1,876,51,
1,2,2,1,51,1,951,51,
11,12,12,6,31,6,106,31,
11,12,12,6,31,6,181,31,
11,12,12,6,31,6,256,31,
11,12,12,6,31,6,31,31,
11,12,12,6,31,6,331,31,
11,12,12,6,31,6,406,31,
11,12,12,6,31,6,481,31,
11,12,12,6,31,6,556,31,
11,12,12,6,31,6,631,31,
11,12,12,6,31,6,706,31,
11,12,12,6,31,6,781,31,
11,12,12,6,31,6,856,31,
11,12,12,6,31,6,931,31,
11,12,12,6,56,6,131,56,
11,12,12,6,56,6,206,56,
11,12,12,6,56,6,281,56,
11,12,12,6,56,6,356,56,
11,12,12,6,56,6,431,56,
11,12,12,6,56,6,506,56,
11,12,12,6,56,6,56,56,
11,12,12,6,56,6,581,56,
11,12,12,6,56,6,656,56,
11,12,12,6,56,6,731,56,
11,12,12,6,56,6,806,56,
11,12,12,6,56,6,881,56,
11,12,12,6,56,6,956,56,
11,12,12,6,6,6,156,6,
11,12,12,6,6,6,231,6,
11,12,12,6,6,6,306,6,
11,12,12,6,6,6,381,6,
11,12,12,6,6,6,456,6,
11,12,12,6,6,6,531,6,
11,12,12,6,6,6,6,6,
11,12,12,6,6,6,606,6,
11,12,12,6,6,6,681,6,
11,12,12,6,6,6,756,6,
11,12,12,6,6,6,81,6,
11,12,12,6,6,6,831,6,
11,12,12,6,6,6,906,6,
11,12,12,6,6,6,981,6,
13,14,14,7,32,7,107,32,
13,14,14,7,32,7,182,32,
13,14,14,7,32,7,257,32,
13,14,14,7,32,7,32,32,
13,14,14,7,32,7,332,32,
13,14,14,7,32,7,407,32,
13,14,14,7,32,7,482,32,
13,14,14,7,32,7,557,32,
13,14,14,7,32,7,632,32,
13,14,14,7,32,7,707,32,
13,14,14,7,32,7,782,32,
13,14,14,7,32,7,857,32,
13,14,14,7,32,7,932,32,
13,14,14,7,57,7,132,57,
13,14,14,7,57,7,207,57,
13,14,14,7,57,7,282,57,
13,14,14,7,57,7,357,57,
13,14,14,7,57,7,432,57,
13,14,14,7,57,7,507,57,
13,14,14,7,57,7,57,57,
13,14,14,7,57,7,582,57,
13,14,14,7,57,7,657,57,
13,14,14,7,57,7,732,57,
13,14,14,7,57,7,807,57,
13,14,14,7,57,7,882,57,
13,14,14,7,57,7,957,57,
13,14,14,7,7,7,157,7,
13,14,14,7,7,7,232,7,
13,14,14,7,7,7,307,7,
13,14,14,7,7,7,382,7,
13,14,14,7,7,7,457,7,
13,14,14,7,7,7,532,7,
13,14,14,7,7,7,607,7,
13,14,14,7,7,7,682,7,
13,14,14,7,7,7,7,7,
13,14,14,7,7,7,757,7,
13,14,14,7,7,7,82,7,
13,14,14,7,7,7,832,7,
13,14,14,7,7,7,907,7,
13,14,14,7,7,7,982,7,
15,16,16,8,33,8,108,33,
15,16,16,8,33,8,183,33,
15,16,16,8,33,8,258,33,
15,16,16,8,33,8,33,33,
15,16,16,8,33,8,333,33,
15,16,16,8,33,8,408,33,
15,16,16,8,33,8,483,33,
15,16,16,8,33,8,558,33,
15,16,16,8,33,8,633,33,
15,16,16,8,33,8,708,33,
15,16,16,8,33,8,783,33,
15,16,16,8,33,8,858,33,
15,16,16,8,33,8,933,33,
15,16,16,8,58,8,133,58,
15,16,16,8,58,8,208,58,
15,16,16,8,58,8,283,58,
15,16,16,8,58,8,358,58,
15,16,16,8,58,8,433,58,
15,16,16,8,58,8,508,58,
15,16,16,8,58,8,58,58,
15,16,16,8,58,8,583,58,
15,16,16,8,58,8,658,58,
15,16,16,8,58,8,733,58,
15,16,16,8,58,8,808,58,
15,16,16,8,58,8,883,58,
15,16,16,8,58,8,958,58,
15,16,16,8,8,8,158,8,
15,16,16,8,8,8,233,8,
15,16,16,8,8,8,308,8,
15,16,16,8,8,8,383,8,
15,16,16,8,8,8,458,8,
15,16,16,8,8,8,533,8,
15,16,16,8,8,8,608,8,
15,16,16,8,8,8,683,8,
15,16,16,8,8,8,758,8,
15,16,16,8,8,8,8,8,
15,16,16,8,8,8,83,8,
15,16,16,8,8,8,833,8,
15,16,16,8,8,8,908,8,
15,16,16,8,8,8,983,8,
17,18,18,9,34,9,109,34,
17,18,18,9,34,9,184,34,
17,18,18,9,34,9,259,34,
17,18,18,9,34,9,334,34,
17,18,18,9,34,9,34,34,
17,18,18,9,34,9,409,34,
17,18,18,9,34,9,484,34,
17,18,18,9,34,9,559,34,
17,18,18,9,34,9,634,34,
17,18,18,9,34,9,709,34,
17,18,18,9,34,9,784,34,
17,18,18,9,34,9,859,34,
17,18,18,9,34,9,934,34,
17,18,18,9,59,9,134,59,
17,18,18,9,59,9,209,59,
17,18,18,9,59,9,284,59,
17,18,18,9,59,9,359,59,
17,18,18,9,59,9,434,59,
17,18,18,9,59,9,509,59,
17,18,18,9,59,9,584,59,
17,18,18,9,59,9,59,59,
17,18,18,9,59,9,659,59,
17,18,18,9,59,9,734,59,
17,18,18,9,59,9,809,59,
17,18,18,9,59,9,884,59,
17,18,18,9,59,9,959,59,
17,18,18,9,9,9,159,9,
17,18,18,9,9,9,234,9,
17,18,18,9,9,9,309,9,
17,18,18,9,9,9,384,9,
17,18,18,9,9,9,459,9,
17,18,18,9,9,9,534,9,
17,18,18,9,9,9,609,9,
17,18,18,9,9,9,684,9,
17,18,18,9,9,9,759,9,
17,18,18,9,9,9,834,9,
17,18,18,9,9,9,84,9,
17,18,18,9,9,9,9,9,
17,18,18,9,9,9,909,9,
17,18,18,9,9,9,984,9,
19,20,20,10,10,10,10,10,
19,20,20,10,10,10,160,10,
19,20,20,10,10,10,235,10,
19,20,20,10,10,10,310,10,
19,20,20,10,10,10,385,10,
19,20,20,10,10,10,460,10,
19,20,20,10,10,10,535,10,
19,20,20,10,10,10,610,10,
19,20,20,10,10,10,685,10,
19,20,20,10,10,10,760,10,
19,20,20,10,10,10,835,10,
19,20,20,10,10,10,85,10,
19,20,20,10,10,10,910,10,
19,20,20,10,10,10,985,10,
19,20,20,10,35,10,110,35,
19,20,20,10,35,10,185,35,
19,20,20,10,35,10,260,35,
19,20,20,10,35,10,335,35,
19,20,20,10,35,10,35,35,
19,20,20,10,35,10,410,35,
19,20,20,10,35,10,485,35,
19,20,20,10,35,10,560,35,
19,20,20,10,35,10,635,35,
19,20,20,10,35,10,710,35,
19,20,20,10,35,10,785,35,
19,20,20,10,35,10,860,35,
19,20,20,10,35,10,935,35,
19,20,20,10,60,10,135,60,
19,20,20,10,60,10,210,60,
19,20,20,10,60,10,285,60,
19,20,20,10,60,10,360,60,
19,20,20,10,60,10,435,60,
19,20,20,10,60,10,510,60,
19,20,20,10,60,10,585,60,
19,20,20,10,60,10,60,60,
19,20,20,10,60,10,660,60,
19,20,20,10,60,10,735,60,
19,20,20,10,60,10,810,60,
19,20,20,10,60,10,885,60,
19,20,20,10,60,10,960,60,
21,22,22,11,11,11,11,11,
21,22,22,11,11,11,161,11,
21,22,22,11,11,11,236,11,
21,22,22,11,11,11,311,11,
21,22,22,11,11,11,386,11,
21,22,22,11,11,11,461,11,
21,22,22,11,11,11,536,11,
21,22,22,11,11,11,611,11,
21,22,22,11,11,11,686,11,
21,22,22,11,11,11,761,11,
21,22,22,11,11,11,836,11,
21,22,22,11,11,11,86,11,
21,22,22,11,11,11,911,11,
21,22,22,11,11,11,986,11,
21,22,22,11,36,11,111,36,
21,22,22,11,36,11,186,36,
21,22,22,11,36,11,261,36,
21,22,22,11,36,11,336,36,
21,22,22,11,36,11,36,36,
21,22,22,11,36,11,411,36,
21,22,22,11,36,11,486,36,
21,22,22,11,36,11,561,36,
21,22,22,11,36,11,636,36,
21,22,22,11,36,11,711,36,
21,22,22,11,36,11,786,36,
21,22,22,11,36,11,861,36,
21,22,22,11,36,11,936,36,
21,22,22,11,61,11,136,61,
21,22,22,11,61,11,211,61,
21,22,22,11,61,11,286,61,
21,22,22,11,61,11,361,61,
21,22,22,11,61,11,436,61,
21,22,22,11,61,11,511,61,
21,22,22,11,61,11,586,61,
21,22,22,11,61,11,61,61,
21,22,22,11,61,11,661,61,
21,22,22,11,61,11,736,61,
21,22,22,11,61,11,811,61,
21,22,22,11,61,11,886,61,
21,22,22,11,61,11,961,61,
23,24,24,12,12,12,12,12,
23,24,24,12,12,12,162,12,
23,24,24,12,12,12,237,12,
23,24,24,12,12,12,312,12,
23,24,24,12,12,12,387,12,
23,24,24,12,12,12,462,12,
23,24,24,12,12,12,537,12,
23,24,24,12,12,12,612,12,
23,24,24,12,12,12,687,12,
23,24,24,12,12,12,762,12,
23,24,24,12,12,12,837,12,
23,24,24,12,12,12,87,12,
23,24,24,12,12,12,912,12,
23,24,24,12,12,12,987,12,
23,24,24,12,37,12,112,37,
23,24,24,12,37,12,187,37,
23,24,24,12,37,12,262,37,
23,24,24,12,37,12,337,37,
23,24,24,12,37,12,37,37,
23,24,24,12,37,12,412,37,
23,24,24,12,37,12,487,37,
23,24,24,12,37,12,562,37,
23,24,24,12,37,12,637,37,
23,24,24,12,37,12,712,37,
23,24,24,12,37,12,787,37,
23,24,24,12,37,12,862,37,
23,24,24,12,37,12,937,37,
23,24,24,12,62,12,137,62,
23,24,24,12,62,12,212,62,
23,24,24,12,62,12,287,62,
23,24,24,12,62,12,362,62,
23,24,24,12,62,12,437,62,
23,24,24,12,62,12,512,62,
23,24,24,12,62,12,587,62,
23,24,24,12,62,12,62,62,
23,24,24,12,62,12,662,62,
23,24,24,12,62,12,737,62,
23,24,24,12,62,12,812,62,
23,24,24,12,62,12,887,62,
23,24,24,12,62,12,962,62,
25,26,26,13,13,13,13,13,
25,26,26,13,13,13,163,13,
25,26,26,13,13,13,238,13,
25,26,26,13,13,13,313,13,
25,26,26,13,13,13,388,13,
25,26,26,13,13,13,463,13,
25,26,26,13,13,13,538,13,
25,26,26,13,13,13,613,13,
25,26,26,13,13,13,688,13,
25,26,26,13,13,13,763,13,
25,26,26,13,13,13,838,13,
25,26,26,13,13,13,88,13,
25,26,26,13,13,13,913,13,
25,26,26,13,13,13,988,13,
25,26,26,13,38,13,113,38,
25,26,26,13,38,13,188,38,
25,26,26,13,38,13,263,38,
25,26,26,13,38,13,338,38,
25,26,26,13,38,13,38,38,
25,26,26,13,38,13,413,38,
25,26,26,13,38,13,488,38,
25,26,26,13,38,13,563,38,
25,26,26,13,38,13,638,38,
25,26,26,13,38,13,713,38,
25,26,26,13,38,13,788,38,
25,26,26,13,38,13,863,38,
25,26,26,13,38,13,938,38,
25,26,26,13,63,13,138,63,
25,26,26,13,63,13,213,63,
25,26,26,13,63,13,288,63,
25,26,26,13,63,13,363,63,
25,26,26,13,63,13,438,63,
25,26,26,13,63,13,513,63,
25,26,26,13,63,13,588,63,
25,26,26,13,63,13,63,63,
25,26,26,13,63,13,663,63,
25,26,26,13,63,13,738,63,
25,26,26,13,63,13,813,63,
25,26,26,13,63,13,888,63,
25,26,26,13,63,13,963,63,
27,28,28,14,14,14,14,14,
27,28,28,14,14,14,164,14,
27,28,28,14,14,14,239,14,
27,28,28,14,14,14,314,14,
27,28,28,14,14,14,389,14,
27,28,28,14,14,14,464,14,
27,28,28,14,14,14,539,14,
27,28,28,14,14,14,614,14,
27,28,28,14,14,14,689,14,
27,28,28,14,14,14,764,14,
27,28,28,14,14,14,839,14,
27,28,28,14,14,14,89,14,
27,28,28,14,14,14,914,14,
27,28,28,14,14,14,989,14,
27,28,28,14,39,14,114,39,
27,28,28,14,39,14,189,39,
27,28,28,14,39,14,264,39,
27,28,28,14,39,14,339,39,
27,28,28,14,39,14,39,39,
27,28,28,14,39,14,414,39,
27,28,28,14,39,14,489,39,
27,28,28,14,39,14,564,39,
27,28,28,14,39,14,639,39,
27,28,28,14,39,14,714,39,
27,28,28,14,39,14,789,39,
27,28,28,14,39,14,864,39,
27,28,28,14,39,14,939,39,
27,28,28,14,64,14,139,64,
27,28,28,14,64,14,214,64,
27,28,28,14,64,14,289,64,
27,28,28,14,64,14,364,64,
27,28,28,14,64,14,439,64,
27,28,28,14,64,14,514,64,
27,28,28,14,64,14,589,64,
27,28,28,14,64,14,64,64,
27,28,28,14,64,14,664,64,
27,28,28,14,64,14,739,64,
27,28,28,14,64,14,814,64,
27,28,28,14,64,14,889,64,
27,28,28,14,64,14,964,64,
29,30,30,15,15,15,15,15,
29,30,30,15,15,15,165,15,
29,30,30,15,15,15,240,15,
29,30,30,15,15,15,315,15,
29,30,30,15,15,15,390,15,
29,30,30,15,15,15,465,15,
29,30,30,15,15,15,540,15,
29,30,30,15,15,15,615,15,
29,30,30,15,15,15,690,15,
29,30,30,15,15,15,765,15,
29,30,30,15,15,15,840,15,
29,30,30,15,15,15,90,15,
29,30,30,15,15,15,915,15,
29,30,30,15,15,15,990,15,
29,30,30,15,40,15,115,40,
29,30,30,15,40,15,190,40,
29,30,30,15,40,15,265,40,
29,30,30,15,40,15,340,40,
29,30,30,15,40,15,40,40,
29,30,30,15,40,15,415,40,
29,30,30,15,40,15,490,40,
29,30,30,15,40,15,565,40,
29,30,30,15,40,15,640,40,
29,30,30,15,40,15,715,40,
29,30,30,15,40,15,790,40,
29,30,30,15,40,15,865,40,
29,30,30,15,40,15,940,40,
29,30,30,15,65,15,140,65,
29,30,30,15,65,15,215,65,
29,30,30,15,65,15,290,65,
29,30,30,15,65,15,365,65,
29,30,30,15,65,15,440,65,
29,30,30,15,65,15,515,65,
29,30,30,15,65,15,590,65,
29,30,30,15,65,15,65,65,
29,30,30,15,65,15,665,65,
29,30,30,15,65,15,740,65,
29,30,30,15,65,15,815,65,
29,30,30,15,65,15,890,65,
29,30,30,15,65,15,965,65,
3,4,4,2,2,2,152,2,
3,4,4,2,2,2,2,2,
3,4,4,2,2,2,227,2,
3,4,4,2,2,2,302,2,
3,4,4,2,2,2,377,2,
3,4,4,2,2,2,452,2,
3,4,4,2,2,2,527,2,
3,4,4,2,2,2,602,2,
3,4,4,2,2,2,677,2,
3,4,4,2,2,2,752,2,
3,4,4,2,2,2,77,2,
3,4,4,2,2,2,827,2,
3,4,4,2,2,2,902,2,
3,4,4,2,2,2,977,2,
3,4,4,2,27,2,102,27,
3,4,4,2,27,2,177,27,
3,4,4,2,27,2,252,27,
3,4,4,2,27,2,27,27,
3,4,4,2,27,2,327,27,
3,4,4,2,27,2,402,27,
3,4,4,2,27,2,477,27,
3,4,4,2,27,2,552,27,
3,4,4,2,27,2,627,27,
3,4,4,2,27,2,702,27,
3,4,4,2,27,2,777,27,
3,4,4,2,27,2,852,27,
3,4,4,2,27,2,927,27,
3,4,4,2,52,2,127,52,
3,4,4,2,52,2,202,52,
3,4,4,2,52,2,277,52,
3,4,4,2,52,2,352,52,
3,4,4,2,52,2,427,52,
3,4,4,2,52,2,502,52,
3,4,4,2,52,2,52,52,
3,4,4,2,52,2,577,52,
3,4,4,2,52,2,652,52,
3,4,4,2,52,2,727,52,
3,4,4,2,52,2,802,52,
3,4,4,2,52,2,877,52,
3,4,4,2,52,2,952,52,
31,32,32,16,16,16,16,16,
31,32,32,16,16,16,166,16,
31,32,32,16,16,16,241,16,
31,32,32,16,16,16,316,16,
31,32,32,16,16,16,391,16,
31,32,32,16,16,16,466,16,
31,32,32,16,16,16,541,16,
31,32,32,16,16,16,616,16,
31,32,32,16,16,16,691,16,
31,32,32,16,16,16,766,16,
31,32,32,16,16,16,841,16,
31,32,32,16,16,16,91,16,
31,32,32,16,16,16,916,16,
31,32,32,16,16,16,991,16,
31,32,32,16,41,16,116,41,
31,32,32,16,41,16,191,41,
31,32,32,16,41,16,266,41,
31,32,32,16,41,16,341,41,
31,32,32,16,41,16,41,41,
31,32,32,16,41,16,416,41,
31,32,32,16,41,16,491,41,
31,32,32,16,41,16,566,41,
31,32,32,16,41,16,641,41,
31,32,32,16,41,16,716,41,
31,32,32,16,41,16,791,41,
31,32,32,16,41,16,866,41,
31,32,32,16,41,16,941,41,
31,32,32,16,66,16,141,66,
31,32,32,16,66,16,216,66,
31,32,32,16,66,16,291,66,
31,32,32,16,66,16,366,66,
31,32,32,16,66,16,441,66,
31,32,32,16,66,16,516,66,
31,32,32,16,66,16,591,66,
31,32,32,16,66,16,66,66,
31,32,32,16,66,16,666,66,
31,32,32,16,66,16,741,66,
31,32,32,16,66,16,816,66,
31,32,32,16,66,16,891,66,
31,32,32,16,66,16,966,66,
33,34,34,17,17,17,167,17,
33,34,34,17,17,17,17,17,
33,34,34,17,17,17,242,17,
33,34,34,17,17,17,317,17,
33,34,34,17,17,17,392,17,
33,34,34,17,17,17,467,17,
33,34,34,17,17,17,542,17,
33,34,34,17,17,17,617,17,
33,34,34,17,17,17,692,17,
33,34,34,17,17,17,767,17,
33,34,34,17,17,17,842,17,
33,34,34,17,17,17,917,17,
33,34,34,17,17,17,92,17,
33,34,34,17,17,17,992,17,
33,34,34,17,42,17,117,42,
33,34,34,17,42,17,192,42,
33,34,34,17,42,17,267,42,
33,34,34,17,42,17,342,42,
33,34,34,17,42,17,417,42,
33,34,34,17,42,17,42,42,
33,34,34,17,42,17,492,42,
33,34,34,17,42,17,567,42,
33,34,34,17,42,17,642,42,
33,34,34,17,42,17,717,42,
33,34,34,17,42,17,792,42,
33,34,34,17,42,17,867,42,
33,34,34,17,42,17,942,42,
33,34,34,17,67,17,142,67,
33,34,34,17,67,17,217,67,
33,34,34,17,67,17,292,67,
33,34,34,17,67,17,367,67,
33,34,34,17,67,17,442,67,
33,34,34,17,67,17,517,67,
33,34,34,17,67,17,592,67,
33,34,34,17,67,17,667,67,
33,34,34,17,67,17,67,67,
33,34,34,17,67,17,742,67,
33,34,34,17,67,17,817,67,
33,34,34,17,67,17,892,67,
33,34,34,17,67,17,967,67,
35,36,36,18,18,18,168,18,
35,36,36,18,18,18,18,18,
35,36,36,18,18,18,243,18,
35,36,36,18,18,18,318,18,
35,36,36,18,18,18,393,18,
35,36,36,18,18,18,468,18,
35,36,36,18,18,18,543,18,
35,36,36,18,18,18,618,18,
35,36,36,18,18,18,693,18,
35,36,36,18,18,18,768,18,
35,36,36,18,18,18,843,18,
35,36,36,18,18,18,918,18,
35,36,36,18,18,18,93,18,
35,36,36,18,18,18,993,18,
35,36,36,18,43,18,118,43,
35,36,36,18,43,18,193,43,
35,36,36,18,43,18,268,43,
35,36,36,18,43,18,343,43,
35,36,36,18,43,18,418,43,
35,36,36,18,43,18,43,43,
35,36,36,18,43,18,493,43,
35,36,36,18,43,18,568,43,
35,36,36,18,43,18,643,43,
35,36,36,18,43,18,718,43,
35,36,36,18,43,18,793,43,
35,36,36,18,43,18,868,43,
35,36,36,18,43,18,943,43,
35,36,36,18,68,18,143,68,
35,36,36,18,68,18,218,68,
35,36,36,18,68,18,293,68,
35,36,36,18,68,18,368,68,
35,36,36,18,68,18,443,68,
35,36,36,18,68,18,518,68,
35,36,36,18,68,18,593,68,
35,36,36,18,68,18,668,68,
35,36,36,18,68,18,68,68,
35,36,36,18,68,18,743,68,
35,36,36,18,68,18,818,68,
35,36,36,18,68,18,893,68,
35,36,36,18,68,18,968,68,
37,38,38,19,19,19,169,19,
37,38,38,19,19,19,19,19,
37,38,38,19,19,19,244,19,
37,38,38,19,19,19,319,19,
37,38,38,19,19,19,394,19,
37,38,38,19,19,19,469,19,
37,38,38,19,19,19,544,19,
37,38,38,19,19,19,619,19,
37,38,38,19,19,19,694,19,
37,38,38,19,19,19,769,19,
37,38,38,19,19,19,844,19,
37,38,38,19,19,19,919,19,
37,38,38,19,19,19,94,19,
37,38,38,19,19,19,994,19,
37,38,38,19,44,19,119,44,
37,38,38,19,44,19,194,44,
37,38,38,19,44,19,269,44,
37,38,38,19,44,19,344,44,
37,38,38,19,44,19,419,44,
37,38,38,19,44,19,44,44,
37,38,38,19,44,19,494,44,
37,38,38,19,44,19,569,44,
37,38,38,19,44,19,644,44,
37,38,38,19,44,19,719,44,
37,38,38,19,44,19,794,44,
37,38,38,19,44,19,869,44,
37,38,38,19,44,19,944,44,
37,38,38,19,69,19,144,69,
37,38,38,19,69,19,219,69,
37,38,38,19,69,19,294,69,
37,38,38,19,69,19,369,69,
37,38,38,19,69,19,444,69,
37,38,38,19,69,19,519,69,
37,38,38,19,69,19,594,69,
37,38,38,19,69,19,669,69,
37,38,38,19,69,19,69,69,
37,38,38,19,69,19,744,69,
37,38,38,19,69,19,819,69,
37,38,38,19,69,19,894,69,
37,38,38,19,69,19,969,69,
39,40,40,20,20,20,170,20,
39,40,40,20,20,20,20,20,
39,40,40,20,20,20,245,20,
39,40,40,20,20,20,320,20,
39,40,40,20,20,20,395,20,
39,40,40,20,20,20,470,20,
39,40,40,20,20,20,545,20,
39,40,40,20,20,20,620,20,
39,40,40,20,20,20,695,20,
39,40,40,20,20,20,770,20,
39,40,40,20,20,20,845,20,
39,40,40,20,20,20,920,20,
39,40,40,20,20,20,95,20,
39,40,40,20,20,20,995,20,
39,40,40,20,45,20,120,45,
39,40,40,20,45,20,195,45,
39,40,40,20,45,20,270,45,
39,40,40,20,45,20,345,45,
39,40,40,20,45,20,420,45,
39,40,40,20,45,20,45,45,
39,40,40,20,45,20,495,45,
39,40,40,20,45,20,570,45,
39,40,40,20,45,20,645,45,
39,40,40,20,45,20,720,45,
39,40,40,20,45,20,795,45,
39,40,40,20,45,20,870,45,
39,40,40,20,45,20,945,45,
39,40,40,20,70,20,145,70,
39,40,40,20,70,20,220,70,
39,40,40,20,70,20,295,70,
39,40,40,20,70,20,370,70,
39,40,40,20,70,20,445,70,
39,40,40,20,70,20,520,70,
39,40,40,20,70,20,595,70,
39,40,40,20,70,20,670,70,
39,40,40,20,70,20,70,70,
39,40,40,20,70,20,745,70,
39,40,40,20,70,20,820,70,
39,40,40,20,70,20,895,70,
39,40,40,20,70,20,970,70,
41,42,42,21,21,21,171,21,
41,42,42,21,21,21,21,21,
41,42,42,21,21,21,246,21,
41,42,42,21,21,21,321,21,
41,42,42,21,21,21,396,21,
41,42,42,21,21,21,471,21,
41,42,42,21,21,21,546,21,
41,42,42,21,21,21,621,21,
41,42,42,21,21,21,696,21,
41,42,42,21,21,21,771,21,
41,42,42,21,21,21,846,21,
41,42,42,21,21,21,921,21,
41,42,42,21,21,21,96,21,
41,42,42,21,21,21,996,21,
41,42,42,21,46,21,121,46,
41,42,42,21,46,21,196,46,
41,42,42,21,46,21,271,46,
41,42,42,21,46,21,346,46,
41,42,42,21,46,21,421,46,
41,42,42,21,46,21,46,46,
41,42,42,21,46,21,496,46,
41,42,42,21,46,21,571,46,
41,42,42,21,46,21,646,46,
41,42,42,21,46,21,721,46,
41,42,42,21,46,21,796,46,
41,42,42,21,46,21,871,46,
41,42,42,21,46,21,946,46,
41,42,42,21,71,21,146,71,
41,42,42,21,71,21,221,71,
41,42,42,21,71,21,296,71,
41,42,42,21,71,21,371,71,
41,42,42,21,71,21,446,71,
41,42,42,21,71,21,521,71,
41,42,42,21,71,21,596,71,
41,42,42,21,71,21,671,71,
41,42,42,21,71,21,71,71,
41,42,42,21,71,21,746,71,
41,42,42,21,71,21,821,71,
41,42,42,21,71,21,896,71,
41,42,42,21,71,21,971,71,
43,44,44,22,22,22,172,22,
43,44,44,22,22,22,22,22,
43,44,44,22,22,22,247,22,
43,44,44,22,22,22,322,22,
43,44,44,22,22,22,397,22,
43,44,44,22,22,22,472,22,
43,44,44,22,22,22,547,22,
43,44,44,22,22,22,622,22,
43,44,44,22,22,22,697,22,
43,44,44,22,22,22,772,22,
43,44,44,22,22,22,847,22,
43,44,44,22,22,22,922,22,
43,44,44,22,22,22,97,22,
43,44,44,22,22,22,997,22,
43,44,44,22,47,22,122,47,
43,44,44,22,47,22,197,47,
43,44,44,22,47,22,272,47,
43,44,44,22,47,22,347,47,
43,44,44,22,47,22,422,47,
43,44,44,22,47,22,47,47,
43,44,44,22,47,22,497,47,
43,44,44,22,47,22,572,47,
43,44,44,22,47,22,647,47,
43,44,44,22,47,22,722,47,
43,44,44,22,47,22,797,47,
43,44,44,22,47,22,872,47,
43,44,44,22,47,22,947,47,
43,44,44,22,72,22,147,72,
43,44,44,22,72,22,222,72,
43,44,44,22,72,22,297,72,
43,44,44,22,72,22,372,72,
43,44,44,22,72,22,447,72,
43,44,44,22,72,22,522,72,
43,44,44,22,72,22,597,72,
43,44,44,22,72,22,672,72,
43,44,44,22,72,22,72,72,
43,44,44,22,72,22,747,72,
43,44,44,22,72,22,822,72,
43,44,44,22,72,22,897,72,
43,44,44,22,72,22,972,72,
45,46,46,23,23,23,173,23,
45,46,46,23,23,23,23,23,
45,46,46,23,23,23,248,23,
45,46,46,23,23,23,323,23,
45,46,46,23,23,23,398,23,
45,46,46,23,23,23,473,23,
45,46,46,23,23,23,548,23,
45,46,46,23,23,23,623,23,
45,46,46,23,23,23,698,23,
45,46,46,23,23,23,773,23,
45,46,46,23,23,23,848,23,
45,46,46,23,23,23,923,23,
45,46,46,23,23,23,98,23,
45,46,46,23,23,23,998,23,
45,46,46,23,48,23,123,48,
45,46,46,23,48,23,198,48,
45,46,46,23,48,23,273,48,
45,46,46,23,48,23,348,48,
45,46,46,23,48,23,423,48,
45,46,46,23,48,23,48,48,
45,46,46,23,48,23,498,48,
45,46,46,23,48,23,573,48,
45,46,46,23,48,23,648,48,
45,46,46,23,48,23,723,48,
45,46,46,23,48,23,798,48,
45,46,46,23,48,23,873,48,
45,46,46,23,48,23,948,48,
45,46,46,23,73,23,148,73,
45,46,46,23,73,23,223,73,
45,46,46,23,73,23,298,73,
45,46,46,23,73,23,373,73,
45,46,46,23,73,23,448,73,
45,46,46,23,73,23,523,73,
45,46,46,23,73,23,598,73,
45,46,46,23,73,23,673,73,
45,46,46,23,73,23,73,73,
45,46,46,23,73,23,748,73,
45,46,46,23,73,23,823,73,
45,46,46,23,73,23,898,73,
45,46,46,23,73,23,973,73,
47,48,48,24,24,24,174,24,
47,48,48,24,24,24,24,24,
47,48,48,24,24,24,249,24,
47,48,48,24,24,24,324,24,
47,48,48,24,24,24,399,24,
47,48,48,24,24,24,474,24,
47,48,48,24,24,24,549,24,
47,48,48,24,24,24,624,24,
47,48,48,24,24,24,699,24,
47,48,48,24,24,24,774,24,
47,48,48,24,24,24,849,24,
47,48,48,24,24,24,924,24,
47,48,48,24,24,24,99,24,
47,48,48,24,24,24,999,24,
47,48,48,24,49,24,124,49,
47,48,48,24,49,24,199,49,
47,48,48,24,49,24,274,49,
47,48,48,24,49,24,349,49,
47,48,48,24,49,24,424,49,
47,48,48,24,49,24,49,49,
47,48,48,24,49,24,499,49,
47,48,48,24,49,24,574,49,
47,48,48,24,49,24,649,49,
47,48,48,24,49,24,724,49,
47,48,48,24,49,24,799,49,
47,48,48,24,49,24,874,49,
47,48,48,24,49,24,949,49,
47,48,48,24,74,24,149,74,
47,48,48,24,74,24,224,74,
47,48,48,24,74,24,299,74,
47,48,48,24,74,24,374,74,
47,48,48,24,74,24,449,74,
47,48,48,24,74,24,524,74,
47,48,48,24,74,24,599,74,
47,48,48,24,74,24,674,74,
47,48,48,24,74,24,74,74,
47,48,48,24,74,24,749,74,
47,48,48,24,74,24,824,74,
47,48,48,24,74,24,899,74,
47,48,48,24,74,24,974,74,
5,6,6,3,28,3,103,28,
5,6,6,3,28,3,178,28,
5,6,6,3,28,3,253,28,
5,6,6,3,28,3,28,28,
5,6,6,3,28,3,328,28,
5,6,6,3,28,3,403,28,
5,6,6,3,28,3,478,28,
5,6,6,3,28,3,553,28,
5,6,6,3,28,3,628,28,
5,6,6,3,28,3,703,28,
5,6,6,3,28,3,778,28,
5,6,6,3,28,3,853,28,
5,6,6,3,28,3,928,28,
5,6,6,3,3,3,153,3,
5,6,6,3,3,3,228,3,
5,6,6,3,3,3,3,3,
5,6,6,3,3,3,303,3,
5,6,6,3,3,3,378,3,
5,6,6,3,3,3,453,3,
5,6,6,3,3,3,528,3,
5,6,6,3,3,3,603,3,
5,6,6,3,3,3,678,3,
5,6,6,3,3,3,753,3,
5,6,6,3,3,3,78,3,
5,6,6,3,3,3,828,3,
5,6,6,3,3,3,903,3,
5,6,6,3,3,3,978,3,
5,6,6,3,53,3,128,53,
5,6,6,3,53,3,203,53,
5,6,6,3,53,3,278,53,
5,6,6,3,53,3,353,53,
5,6,6,3,53,3,428,53,
5,6,6,3,53,3,503,53,
5,6,6,3,53,3,53,53,
5,6,6,3,53,3,578,53,
5,6,6,3,53,3,653,53,
5,6,6,3,53,3,728,53,
5,6,6,3,53,3,803,53,
5,6,6,3,53,3,878,53,
5,6,6,3,53,3,953,53,
7,8,8,4,29,4,104,29,
7,8,8,4,29,4,179,29,
7,8,8,4,29,4,254,29,
7,8,8,4,29,4,29,29,
7,8,8,4,29,4,329,29,
7,8,8,4,29,4,404,29,
7,8,8,4,29,4,479,29,
7,8,8,4,29,4,554,29,
7,8,8,4,29,4,629,29,
7,8,8,4,29,4,704,29,
7,8,8,4,29,4,779,29,
7,8,8,4,29,4,854,29,
7,8,8,4,29,4,929,29,
7,8,8,4,4,4,154,4,
7,8,8,4,4,4,229,4,
7,8,8,4,4,4,304,4,
7,8,8,4,4,4,379,4,
7,8,8,4,4,4,4,4,
7,8,8,4,4,4,454,4,
7,8,8,4,4,4,529,4,
7,8,8,4,4,4,604,4,
7,8,8,4,4,4,679,4,
7,8,8,4,4,4,754,4,
7,8,8,4,4,4,79,4,
7,8,8,4,4,4,829,4,
7,8,8,4,4,4,904,4,
7,8,8,4,4,4,979,4,
7,8,8,4,54,4,129,54,
7,8,8,4,54,4,204,54,
7,8,8,4,54,4,279,54,
7,8,8,4,54,4,354,54,
7,8,8,4,54,4,429,54,
7,8,8,4,54,4,504,54,
7,8,8,4,54,4,54,54,
7,8,8,4,54,4,579,54,
7,8,8,4,54,4,654,54,
7,8,8,4,54,4,729,54,
7,8,8,4,54,4,804,54,
7,8,8,4,54,4,879,54,
7,8,8,4,54,4,954,54,
9,10,10,5,30,5,105,30,
9,10,10,5,30,5,180,30,
9,10,10,5,30,5,255,30,
9,10,10,5,30,5,30,30,
9,10,10,5,30,5,330,30,
9,10,10,5,30,5,405,30,
9,10,10,5,30,5,480,30,
9,10,10,5,30,5,555,30,
9,10,10,5,30,5,630,30,
9,10,10,5,30,5,705,30,
9,10,10,5,30,5,780,30,
9,10,10,5,30,5,855,30,
9,10,10,5,30,5,930,30,
9,10,10,5,5,5,155,5,
9,10,10,5,5,5,230,5,
9,10,10,5,5,5,305,5,
9,10,10,5,5,5,380,5,
9,10,10,5,5,5,455,5,
9,10,10,5,5,5,5,5,
9,10,10,5,5,5,530,5,
9,10,10,5,5,5,605,5,
9,10,10,5,5,5,680,5,
9,10,10,5,5,5,755,5,
9,10,10,5,5,5,80,5,
9,10,10,5,5,5,830,5,
9,10,10,5,5,5,905,5,
9,10,10,5,5,5,980,5,
9,10,10,5,55,5,130,55,
9,10,10,5,55,5,205,55,
9,10,10,5,55,5,280,55,
9,10,10,5,55,5,355,55,
9,10,10,5,55,5,430,55,
9,10,10,5,55,5,505,55,
9,10,10,5,55,5,55,55,
9,10,10,5,55,5,580,55,
9,10,10,5,55,5,655,55,
9,10,10,5,55,5,730,55,
9,10,10,5,55,5,805,55,
9,10,10,5,55,5,880,55,
9,10,10,5,55,5,955,55,
